<?xml version="1.0" encoding="UTF-8"?>
<testsuite name="Percentage_Of_a_RepetitionsKtTest" tests="5" skipped="0" failures="0" errors="0" timestamp="2022-05-21T09:50:43" hostname="DESKTOP-QDVB0PD" time="0.03">
  <properties/>
  <testcase name="should_ReturnThe_1_0_WhenEnterEmptyList()" classname="Percentage_Of_a_RepetitionsKtTest" time="0.019"/>
  <testcase name="should_ReturnThePercentageOf_a_WhenEnterCorrectList()" classname="Percentage_Of_a_RepetitionsKtTest" time="0.007"/>
  <testcase name="should_ReturnThe_1_0_WhenEnterNotCorrectList()" classname="Percentage_Of_a_RepetitionsKtTest" time="0.0"/>
  <testcase name="should_ReturnThePercentageOf_a_WhenEnterCorrectListNotContain_a_()" classname="Percentage_Of_a_RepetitionsKtTest" time="0.0"/>
  <testcase name="should_ReturnThe_1_0_WhenEnterStringsNotOneCharacterInList()" classname="Percentage_Of_a_RepetitionsKtTest" time="0.0"/>
  <system-out><![CDATA[]]></system-out>
  <system-err><![CDATA[]]></system-err>
</testsuite>
